<?xml version="1.0" encoding="UTF-8"?>
<!-- Generated by org.testng.reporters.JUnitReportReporter -->
<testsuite hostname="DESKTOP-1MCQBMQ" name="org.project.CreateAccount" tests="1" failures="0" timestamp="2 Dec 2023 13:34:56 GMT" time="288.522" errors="0">
  <testcase name="tc02" time="288.522" classname="org.project.CreateAccount"/>
</testsuite> <!-- org.project.CreateAccount -->
